[2014-05-14 14:10:47] request.ERROR: Uncaught PHP Exception Symfony\Component\HttpKernel\Exception\NotFoundHttpException: "No route found for "GET /bundles/framework/images/input_bg.gif" (from "http://localhost/e-dahira/web/bundles/sensiodistribution/webconfigurator/css/configurator.css")" at C:\wamp\www\e-dahira\vendor\symfony\symfony\src\Symfony\Component\HttpKernel\EventListener\RouterListener.php line 145 {"exception":"[object] (Symfony\\Component\\HttpKernel\\Exception\\NotFoundHttpException: No route found for \"GET /bundles/framework/images/input_bg.gif\" (from \"http://localhost/e-dahira/web/bundles/sensiodistribution/webconfigurator/css/configurator.css\") at C:\\wamp\\www\\e-dahira\\vendor\\symfony\\symfony\\src\\Symfony\\Component\\HttpKernel\\EventListener\\RouterListener.php:145, Symfony\\Component\\Routing\\Exception\\ResourceNotFoundException:  at C:\\wamp\\www\\e-dahira\\app\\cache\\prod\\appProdUrlMatcher.php:466)"} []
[2014-05-14 14:14:01] request.ERROR: Uncaught PHP Exception Symfony\Component\HttpKernel\Exception\NotFoundHttpException: "No route found for "GET /bundles/framework/images/input_bg.gif" (from "http://localhost/e-dahira/web/bundles/sensiodistribution/webconfigurator/css/configurator.css")" at C:\wamp\www\e-dahira\app\cache\prod\classes.php line 1964 {"exception":"[object] (Symfony\\Component\\HttpKernel\\Exception\\NotFoundHttpException: No route found for \"GET /bundles/framework/images/input_bg.gif\" (from \"http://localhost/e-dahira/web/bundles/sensiodistribution/webconfigurator/css/configurator.css\") at C:\\wamp\\www\\e-dahira\\app\\cache\\prod\\classes.php:1964, Symfony\\Component\\Routing\\Exception\\ResourceNotFoundException:  at C:\\wamp\\www\\e-dahira\\app\\cache\\prod\\appProdUrlMatcher.php:466)"} []
[2014-05-14 14:14:19] request.ERROR: Uncaught PHP Exception Symfony\Component\HttpKernel\Exception\NotFoundHttpException: "No route found for "GET /bundles/framework/images/input_bg.gif" (from "http://localhost/e-dahira/web/bundles/sensiodistribution/webconfigurator/css/configurator.css")" at C:\wamp\www\e-dahira\app\cache\prod\classes.php line 1964 {"exception":"[object] (Symfony\\Component\\HttpKernel\\Exception\\NotFoundHttpException: No route found for \"GET /bundles/framework/images/input_bg.gif\" (from \"http://localhost/e-dahira/web/bundles/sensiodistribution/webconfigurator/css/configurator.css\") at C:\\wamp\\www\\e-dahira\\app\\cache\\prod\\classes.php:1964, Symfony\\Component\\Routing\\Exception\\ResourceNotFoundException:  at C:\\wamp\\www\\e-dahira\\app\\cache\\prod\\appProdUrlMatcher.php:466)"} []
[2014-05-14 17:45:04] request.ERROR: Uncaught PHP Exception Symfony\Component\HttpKernel\Exception\NotFoundHttpException: "No route found for "GET /favicon.ico"" at C:\wamp\www\e-dahira\app\cache\prod\classes.php line 1964 {"exception":"[object] (Symfony\\Component\\HttpKernel\\Exception\\NotFoundHttpException: No route found for \"GET /favicon.ico\" at C:\\wamp\\www\\e-dahira\\app\\cache\\prod\\classes.php:1964, Symfony\\Component\\Routing\\Exception\\ResourceNotFoundException:  at C:\\wamp\\www\\e-dahira\\app\\cache\\prod\\appProdUrlMatcher.php:466)"} []
[2014-05-14 17:45:05] request.ERROR: Uncaught PHP Exception Symfony\Component\HttpKernel\Exception\NotFoundHttpException: "No route found for "GET /favicon.ico"" at C:\wamp\www\e-dahira\app\cache\prod\classes.php line 1964 {"exception":"[object] (Symfony\\Component\\HttpKernel\\Exception\\NotFoundHttpException: No route found for \"GET /favicon.ico\" at C:\\wamp\\www\\e-dahira\\app\\cache\\prod\\classes.php:1964, Symfony\\Component\\Routing\\Exception\\ResourceNotFoundException:  at C:\\wamp\\www\\e-dahira\\app\\cache\\prod\\appProdUrlMatcher.php:466)"} []
[2014-05-15 04:21:08] event.DEBUG: Notified event "kernel.request" to listener "Symfony\Bundle\FrameworkBundle\EventListener\SessionListener::onKernelRequest". [] []
[2014-05-15 04:21:08] event.DEBUG: Notified event "kernel.request" to listener "Symfony\Component\HttpKernel\EventListener\FragmentListener::onKernelRequest". [] []
[2014-05-15 04:21:08] event.DEBUG: Notified event "kernel.request" to listener "Symfony\Component\HttpKernel\EventListener\RouterListener::onKernelRequest". [] []
[2014-05-15 04:21:09] event.DEBUG: Notified event "kernel.exception" to listener "Symfony\Component\HttpKernel\EventListener\ExceptionListener::onKernelException". [] []
[2014-05-15 04:21:09] request.ERROR: Uncaught PHP Exception Symfony\Component\HttpKernel\Exception\NotFoundHttpException: "No route found for "GET /e-dahira/login"" at C:\wamp\www\e-dahira\vendor\symfony\symfony\src\Symfony\Component\HttpKernel\EventListener\RouterListener.php line 145 {"exception":"[object] (Symfony\\Component\\HttpKernel\\Exception\\NotFoundHttpException: No route found for \"GET /e-dahira/login\" at C:\\wamp\\www\\e-dahira\\vendor\\symfony\\symfony\\src\\Symfony\\Component\\HttpKernel\\EventListener\\RouterListener.php:145, Symfony\\Component\\Routing\\Exception\\ResourceNotFoundException:  at C:\\wamp\\www\\e-dahira\\app\\cache\\prod\\appProdUrlMatcher.php:471)"} []
[2014-05-15 04:21:10] event.DEBUG: Notified event "kernel.request" to listener "closure". [] []
[2014-05-15 04:21:10] event.DEBUG: Notified event "kernel.request" to listener "Symfony\Bundle\FrameworkBundle\EventListener\SessionListener::onKernelRequest". [] []
[2014-05-15 04:21:10] event.DEBUG: Notified event "kernel.request" to listener "closure". [] []
[2014-05-15 04:21:10] event.DEBUG: Notified event "kernel.request" to listener "Symfony\Component\HttpKernel\EventListener\FragmentListener::onKernelRequest". [] []
[2014-05-15 04:21:10] event.DEBUG: Notified event "kernel.request" to listener "closure". [] []
[2014-05-15 04:21:10] event.DEBUG: Notified event "kernel.request" to listener "Symfony\Component\HttpKernel\EventListener\RouterListener::onKernelRequest". [] []
[2014-05-15 04:21:10] event.DEBUG: Notified event "kernel.request" to listener "closure". [] []
[2014-05-15 04:21:10] event.DEBUG: Notified event "kernel.request" to listener "Symfony\Component\HttpKernel\EventListener\LocaleListener::onKernelRequest". [] []
[2014-05-15 04:21:10] event.DEBUG: Notified event "kernel.request" to listener "closure". [] []
[2014-05-15 04:21:10] event.DEBUG: Notified event "kernel.request" to listener "Symfony\Component\Security\Http\Firewall::onKernelRequest". [] []
[2014-05-15 04:21:10] event.DEBUG: Notified event "kernel.request" to listener "closure". [] []
[2014-05-15 04:21:10] event.DEBUG: Notified event "kernel.request" to listener "Edahira\DahiraBundle\EventListener\Kernel::onKernelRequest". [] []
[2014-05-15 04:21:10] event.DEBUG: Notified event "kernel.request" to listener "closure". [] []
[2014-05-15 04:21:10] event.DEBUG: Notified event "kernel.request" to listener "Symfony\Component\HttpKernel\EventListener\ErrorsLoggerListener::injectLogger". [] []
[2014-05-15 04:21:10] event.DEBUG: Notified event "kernel.request" to listener "closure". [] []
[2014-05-15 04:21:10] event.DEBUG: Notified event "kernel.request" to listener "Symfony\Component\HttpKernel\EventListener\ErrorsLoggerListener::injectLogger". [] []
[2014-05-15 04:21:24] event.DEBUG: Notified event "kernel.controller" to listener "Sensio\Bundle\FrameworkExtraBundle\EventListener\ControllerListener::onKernelController". [] []
[2014-05-15 04:21:24] event.DEBUG: Notified event "kernel.controller" to listener "Sensio\Bundle\FrameworkExtraBundle\EventListener\ParamConverterListener::onKernelController". [] []
[2014-05-15 04:21:24] event.DEBUG: Notified event "kernel.controller" to listener "Sensio\Bundle\FrameworkExtraBundle\EventListener\HttpCacheListener::onKernelController". [] []
[2014-05-15 04:21:24] event.DEBUG: Notified event "kernel.controller" to listener "Sensio\Bundle\FrameworkExtraBundle\EventListener\SecurityListener::onKernelController". [] []
[2014-05-15 04:21:24] event.DEBUG: Notified event "kernel.controller" to listener "Sensio\Bundle\FrameworkExtraBundle\EventListener\TemplateListener::onKernelController". [] []
[2014-05-15 04:21:33] event.DEBUG: Notified event "kernel.response" to listener "Symfony\Component\HttpKernel\EventListener\ResponseListener::onKernelResponse". [] []
[2014-05-15 04:21:33] event.DEBUG: Notified event "kernel.response" to listener "Symfony\Component\Security\Http\RememberMe\ResponseListener::onKernelResponse". [] []
[2014-05-15 04:21:33] event.DEBUG: Notified event "kernel.response" to listener "Sensio\Bundle\FrameworkExtraBundle\EventListener\HttpCacheListener::onKernelResponse". [] []
[2014-05-15 04:21:33] event.DEBUG: Notified event "kernel.response" to listener "Symfony\Component\HttpKernel\EventListener\StreamedResponseListener::onKernelResponse". [] []
[2014-05-15 04:21:33] event.DEBUG: Notified event "kernel.finish_request" to listener "Symfony\Component\HttpKernel\EventListener\LocaleListener::onKernelFinishRequest". [] []
[2014-05-15 04:21:33] event.DEBUG: Notified event "kernel.finish_request" to listener "Symfony\Component\HttpKernel\EventListener\RouterListener::onKernelFinishRequest". [] []
[2014-05-15 04:21:33] event.DEBUG: Notified event "kernel.finish_request" to listener "Symfony\Component\Security\Http\Firewall::onKernelFinishRequest". [] []
[2014-05-15 04:21:33] event.DEBUG: Listener "Symfony\Component\HttpKernel\EventListener\ExceptionListener::onKernelException" stopped propagation of the event "kernel.exception". [] []
[2014-05-15 04:21:33] event.DEBUG: Notified event "kernel.response" to listener "Symfony\Component\HttpKernel\EventListener\ResponseListener::onKernelResponse". [] []
[2014-05-15 04:21:33] event.DEBUG: Notified event "kernel.response" to listener "Symfony\Component\Security\Http\RememberMe\ResponseListener::onKernelResponse". [] []
[2014-05-15 04:21:33] event.DEBUG: Notified event "kernel.response" to listener "Sensio\Bundle\FrameworkExtraBundle\EventListener\HttpCacheListener::onKernelResponse". [] []
[2014-05-15 04:21:33] event.DEBUG: Notified event "kernel.response" to listener "Symfony\Component\HttpKernel\EventListener\StreamedResponseListener::onKernelResponse". [] []
[2014-05-15 04:21:33] event.DEBUG: Notified event "kernel.finish_request" to listener "Symfony\Component\HttpKernel\EventListener\LocaleListener::onKernelFinishRequest". [] []
[2014-05-15 04:21:33] event.DEBUG: Notified event "kernel.finish_request" to listener "Symfony\Component\HttpKernel\EventListener\RouterListener::onKernelFinishRequest". [] []
[2014-05-15 04:21:33] event.DEBUG: Notified event "kernel.finish_request" to listener "Symfony\Component\Security\Http\Firewall::onKernelFinishRequest". [] []
[2014-05-15 04:21:33] event.DEBUG: Notified event "kernel.terminate" to listener "Symfony\Bundle\SwiftmailerBundle\EventListener\EmailSenderListener::onTerminate". [] []
[2014-05-15 04:24:32] event.DEBUG: Notified event "kernel.request" to listener "Symfony\Bundle\FrameworkBundle\EventListener\SessionListener::onKernelRequest". [] []
[2014-05-15 04:24:32] event.DEBUG: Notified event "kernel.request" to listener "Symfony\Component\HttpKernel\EventListener\FragmentListener::onKernelRequest". [] []
[2014-05-15 04:24:32] event.DEBUG: Notified event "kernel.request" to listener "Symfony\Component\HttpKernel\EventListener\RouterListener::onKernelRequest". [] []
[2014-05-15 04:24:32] event.DEBUG: Notified event "kernel.exception" to listener "Symfony\Component\HttpKernel\EventListener\ExceptionListener::onKernelException". [] []
[2014-05-15 04:24:32] request.ERROR: Uncaught PHP Exception Symfony\Component\HttpKernel\Exception\NotFoundHttpException: "No route found for "GET .login"" at C:\wamp\www\e-dahira\app\cache\prod\classes.php line 1964 {"exception":"[object] (Symfony\\Component\\HttpKernel\\Exception\\NotFoundHttpException: No route found for \"GET .login\" at C:\\wamp\\www\\e-dahira\\app\\cache\\prod\\classes.php:1964, Symfony\\Component\\Routing\\Exception\\ResourceNotFoundException:  at C:\\wamp\\www\\e-dahira\\app\\cache\\prod\\appProdUrlMatcher.php:471)"} []
[2014-05-15 04:24:32] event.DEBUG: Notified event "kernel.request" to listener "closure". [] []
[2014-05-15 04:24:32] event.DEBUG: Notified event "kernel.request" to listener "Symfony\Bundle\FrameworkBundle\EventListener\SessionListener::onKernelRequest". [] []
[2014-05-15 04:24:32] event.DEBUG: Notified event "kernel.request" to listener "closure". [] []
[2014-05-15 04:24:32] event.DEBUG: Notified event "kernel.request" to listener "Symfony\Component\HttpKernel\EventListener\FragmentListener::onKernelRequest". [] []
[2014-05-15 04:24:32] event.DEBUG: Notified event "kernel.request" to listener "closure". [] []
[2014-05-15 04:24:32] event.DEBUG: Notified event "kernel.request" to listener "Symfony\Component\HttpKernel\EventListener\RouterListener::onKernelRequest". [] []
[2014-05-15 04:24:32] event.DEBUG: Notified event "kernel.request" to listener "closure". [] []
[2014-05-15 04:24:32] event.DEBUG: Notified event "kernel.request" to listener "Symfony\Component\HttpKernel\EventListener\LocaleListener::onKernelRequest". [] []
[2014-05-15 04:24:32] event.DEBUG: Notified event "kernel.request" to listener "closure". [] []
[2014-05-15 04:24:32] event.DEBUG: Notified event "kernel.request" to listener "Symfony\Component\Security\Http\Firewall::onKernelRequest". [] []
[2014-05-15 04:24:32] event.DEBUG: Notified event "kernel.request" to listener "closure". [] []
[2014-05-15 04:24:32] event.DEBUG: Notified event "kernel.request" to listener "Edahira\DahiraBundle\EventListener\Kernel::onKernelRequest". [] []
[2014-05-15 04:24:32] event.DEBUG: Notified event "kernel.request" to listener "closure". [] []
[2014-05-15 04:24:32] event.DEBUG: Notified event "kernel.request" to listener "Symfony\Component\HttpKernel\EventListener\ErrorsLoggerListener::injectLogger". [] []
[2014-05-15 04:24:32] event.DEBUG: Notified event "kernel.request" to listener "closure". [] []
[2014-05-15 04:24:32] event.DEBUG: Notified event "kernel.request" to listener "Symfony\Component\HttpKernel\EventListener\ErrorsLoggerListener::injectLogger". [] []
[2014-05-15 04:24:32] event.DEBUG: Notified event "kernel.controller" to listener "Sensio\Bundle\FrameworkExtraBundle\EventListener\ControllerListener::onKernelController". [] []
[2014-05-15 04:24:32] event.DEBUG: Notified event "kernel.controller" to listener "Sensio\Bundle\FrameworkExtraBundle\EventListener\ParamConverterListener::onKernelController". [] []
[2014-05-15 04:24:32] event.DEBUG: Notified event "kernel.controller" to listener "Sensio\Bundle\FrameworkExtraBundle\EventListener\HttpCacheListener::onKernelController". [] []
[2014-05-15 04:24:32] event.DEBUG: Notified event "kernel.controller" to listener "Sensio\Bundle\FrameworkExtraBundle\EventListener\SecurityListener::onKernelController". [] []
[2014-05-15 04:24:32] event.DEBUG: Notified event "kernel.controller" to listener "Sensio\Bundle\FrameworkExtraBundle\EventListener\TemplateListener::onKernelController". [] []
[2014-05-15 04:24:33] event.DEBUG: Notified event "kernel.response" to listener "Symfony\Component\HttpKernel\EventListener\ResponseListener::onKernelResponse". [] []
[2014-05-15 04:24:33] event.DEBUG: Notified event "kernel.response" to listener "Symfony\Component\Security\Http\RememberMe\ResponseListener::onKernelResponse". [] []
[2014-05-15 04:24:33] event.DEBUG: Notified event "kernel.response" to listener "Sensio\Bundle\FrameworkExtraBundle\EventListener\HttpCacheListener::onKernelResponse". [] []
[2014-05-15 04:24:33] event.DEBUG: Notified event "kernel.response" to listener "Symfony\Component\HttpKernel\EventListener\StreamedResponseListener::onKernelResponse". [] []
[2014-05-15 04:24:33] event.DEBUG: Notified event "kernel.finish_request" to listener "Symfony\Component\HttpKernel\EventListener\LocaleListener::onKernelFinishRequest". [] []
[2014-05-15 04:24:33] event.DEBUG: Notified event "kernel.finish_request" to listener "Symfony\Component\HttpKernel\EventListener\RouterListener::onKernelFinishRequest". [] []
[2014-05-15 04:24:33] event.DEBUG: Notified event "kernel.finish_request" to listener "Symfony\Component\Security\Http\Firewall::onKernelFinishRequest". [] []
[2014-05-15 04:24:33] event.DEBUG: Listener "Symfony\Component\HttpKernel\EventListener\ExceptionListener::onKernelException" stopped propagation of the event "kernel.exception". [] []
[2014-05-15 04:24:33] event.DEBUG: Notified event "kernel.response" to listener "Symfony\Component\HttpKernel\EventListener\ResponseListener::onKernelResponse". [] []
[2014-05-15 04:24:33] event.DEBUG: Notified event "kernel.response" to listener "Symfony\Component\Security\Http\RememberMe\ResponseListener::onKernelResponse". [] []
[2014-05-15 04:24:33] event.DEBUG: Notified event "kernel.response" to listener "Sensio\Bundle\FrameworkExtraBundle\EventListener\HttpCacheListener::onKernelResponse". [] []
[2014-05-15 04:24:33] event.DEBUG: Notified event "kernel.response" to listener "Symfony\Component\HttpKernel\EventListener\StreamedResponseListener::onKernelResponse". [] []
[2014-05-15 04:24:33] event.DEBUG: Notified event "kernel.finish_request" to listener "Symfony\Component\HttpKernel\EventListener\LocaleListener::onKernelFinishRequest". [] []
[2014-05-15 04:24:33] event.DEBUG: Notified event "kernel.finish_request" to listener "Symfony\Component\HttpKernel\EventListener\RouterListener::onKernelFinishRequest". [] []
[2014-05-15 04:24:33] event.DEBUG: Notified event "kernel.finish_request" to listener "Symfony\Component\Security\Http\Firewall::onKernelFinishRequest". [] []
